<?xml version="1.0" encoding="UTF-8"?>
<!-- Generated by org.testng.reporters.JUnitXMLReporter -->
<testsuite ignored="0" hostname="LAPTOP-UCD955FI" failures="2" tests="8" name="DemoTest" time="0.113" errors="0" timestamp="2022-08-02T19:07:16 IST">
  <testcase classname="com.aspire.framework.TestNG.Demo" name="BrowserLaunch" time="0.05">
    <failure type="java.lang.IllegalStateException" message="The driver executable must exist: D:\Eclipse Files\SeleniumMarch22\Softwares\chromedriver.exe">
      <![CDATA[java.lang.IllegalStateException: The driver executable must exist: D:\Eclipse Files\SeleniumMarch22\Softwares\chromedriver.exe
at org.openqa.selenium.internal.Require$FileStateChecker.isFile(Require.java:342)
at org.openqa.selenium.remote.service.DriverService.checkExecutable(DriverService.java:147)
at org.openqa.selenium.remote.service.DriverService.findExecutable(DriverService.java:142)
at org.openqa.selenium.chrome.ChromeDriverService.access$000(ChromeDriverService.java:38)
at org.openqa.selenium.chrome.ChromeDriverService$Builder.findDefaultExecutable(ChromeDriverService.java:231)
at org.openqa.selenium.remote.service.DriverService$Builder.build(DriverService.java:437)
at org.openqa.selenium.chrome.ChromeDriverService.createDefaultService(ChromeDriverService.java:127)
at org.openqa.selenium.chrome.ChromeDriver.<init>(ChromeDriver.java:48)
at com.aspire.framework.TestNG.Demo.BrowserLaunch(Demo.java:13)
at java.base/java.util.ArrayList.forEach(ArrayList.java:1511)
... Removed 25 stack frames]]>
    </failure>
  </testcase> <!-- BrowserLaunch -->
  <testcase classname="com.aspire.framework.TestNG.Demo1" name="TC1" time="0.002"/>
  <testcase classname="com.aspire.framework.TestNG.Demo1" name="TC2" time="0.001"/>
  <testcase classname="com.aspire.framework.TestNG.Demo2" name="TC3" time="0.001"/>
  <testcase classname="com.aspire.framework.TestNG.Demo2" name="TC4" time="0.001"/>
  <testcase classname="com.aspire.framework.TestNG.Demo3" name="TC5" time="0.004">
    <failure type="java.lang.AssertionError" message="null">
      <![CDATA[java.lang.AssertionError: null
at com.aspire.framework.TestNG.Demo3.TC5(Demo3.java:13)
at java.base/java.util.ArrayList.forEach(ArrayList.java:1511)
... Removed 27 stack frames]]>
    </failure>
  </testcase> <!-- TC5 -->
  <testcase classname="com.aspire.framework.TestNG.Demo3" name="TC6" time="0.001"/>
  <testcase classname="com.aspire.framework.TestNG.Demo3" name="TC7" time="0.001"/>
</testsuite> <!-- DemoTest -->
