<?xml version="1.0" encoding="UTF-8"?>
<!-- Generated by org.testng.reporters.JUnitXMLReporter -->
<testsuite ignored="1" hostname="LAPTOP-UCD955FI" failures="5" tests="9" name="FailedxmlTest" time="0.167" errors="0" timestamp="2022-08-02T23:02:19 IST">
  <testcase classname="com.aspire.framework.FailedXml_SkipTC.SkipTestCases" name="m2" time="0.014"/>
  <testcase classname="com.aspire.framework.FailedXml_SkipTC.SkipTestCases" name="m3" time="0.002"/>
  <testcase classname="com.aspire.framework.FailedXml_SkipTC.SkipTestCases" name="m4" time="0.005"/>
  <testcase classname="com.aspire.framework.FailedXml_SkipTC.FailedXmlFileCreate" name="m1" time="0.008">
    <failure type="java.lang.AssertionError" message="null">
      <![CDATA[java.lang.AssertionError: null
at com.aspire.framework.FailedXml_SkipTC.FailedXmlFileCreate.m1(FailedXmlFileCreate.java:12)
at java.base/java.util.ArrayList.forEach(ArrayList.java:1511)
... Removed 27 stack frames]]>
    </failure>
  </testcase> <!-- m1 -->
  <testcase classname="com.aspire.framework.FailedXml_SkipTC.FailedXmlFileCreate" name="m2" time="0.005">
    <failure type="java.lang.AssertionError" message="null">
      <![CDATA[java.lang.AssertionError: null
at com.aspire.framework.FailedXml_SkipTC.FailedXmlFileCreate.m2(FailedXmlFileCreate.java:18)
at java.base/java.util.ArrayList.forEach(ArrayList.java:1511)
... Removed 27 stack frames]]>
    </failure>
  </testcase> <!-- m2 -->
  <testcase classname="com.aspire.framework.FailedXml_SkipTC.FailedXmlFileCreate" name="m3" time="0.002">
    <failure type="java.lang.AssertionError" message="null">
      <![CDATA[java.lang.AssertionError: null
at com.aspire.framework.FailedXml_SkipTC.FailedXmlFileCreate.m3(FailedXmlFileCreate.java:24)
at java.base/java.util.ArrayList.forEach(ArrayList.java:1511)
... Removed 27 stack frames]]>
    </failure>
  </testcase> <!-- m3 -->
  <testcase classname="com.aspire.framework.FailedXml_SkipTC.FailedXmlFileCreate" name="m4" time="0.004"/>
  <testcase classname="com.aspire.framework.TestNG_Assert.Soft_Assert" name="Hard_Assert" time="0.002">
    <failure type="java.lang.AssertionError" message="did not expect [Selenium] but found [Selenium]">
      <![CDATA[java.lang.AssertionError: did not expect [Selenium] but found [Selenium]
at com.aspire.framework.TestNG_Assert.Soft_Assert.Hard_Assert(Soft_Assert.java:19)
at java.base/java.util.ArrayList.forEach(ArrayList.java:1511)
... Removed 30 stack frames]]>
    </failure>
  </testcase> <!-- Hard_Assert -->
  <testcase classname="com.aspire.framework.TestNG_Assert.Soft_Assert" name="Soft_Assert" time="0.02">
    <failure type="java.lang.AssertionError" message="The following asserts failed:
	did not expect [Selenium] but found [Selenium]">
      <![CDATA[java.lang.AssertionError: The following asserts failed:
did not expect [Selenium] but found [Selenium]
at com.aspire.framework.TestNG_Assert.Soft_Assert.Soft_Assert(Soft_Assert.java:36)
at java.base/java.util.ArrayList.forEach(ArrayList.java:1511)
... Removed 27 stack frames]]>
    </failure>
  </testcase> <!-- Soft_Assert -->
  <testcase classname="com.aspire.framework.FailedXml_SkipTC.SkipTestCases" name="m1" time="0.0">
    <ignored/>
  </testcase> <!-- m1 -->
</testsuite> <!-- FailedxmlTest -->
